<?xml version="1.0" encoding="UTF-8"?>
<!-- Generated by org.testng.reporters.JUnitReportReporter -->
<testsuite hostname="LAPTOP-QHVC790F" failures="0" tests="2" name="testScripts.PlaceOrder" time="6.245" errors="0" timestamp="2022-10-30T20:44:21 IST" skipped="0">
  <testcase classname="testScripts.PlaceOrder" name="searchItemTest" time="5.574"/>
  <system-out/>
  <testcase classname="testScripts.PlaceOrder" name="searchItemPageTest" time="0.671"/>
  <system-out/>
</testsuite> <!-- testScripts.PlaceOrder -->
